<?xml version="1.0" encoding="UTF-8"?>
<robot generator="Robot 6.0.2 (Python 3.11.3 on win32)" generated="20230504 15:29:00.024" rpa="false" schemaversion="3">
<suite id="s1" name="14 -  Mouse Operations" source="d:\ptdat-batch40\selenium-robot-framework\Selenium WebDriver Basics Tutorial\14 -  Mouse Operations.robot">
<test id="s1-t1" name="Right click" line="22">
<kw name="Open Browser" library="Selenium2Library">
<arg>http://swisnl.github.io/jQuery-contextMenu/demo.html</arg>
<arg>edge</arg>
<doc>Opens a new browser instance to the optional ``url``.</doc>
<msg timestamp="20230504 15:29:00.335" level="INFO">Opening browser 'edge' to base url 'http://swisnl.github.io/jQuery-contextMenu/demo.html'.</msg>
<status status="PASS" starttime="20230504 15:29:00.335" endtime="20230504 15:29:11.428"/>
</kw>
<kw name="Open Context Menu" library="Selenium2Library">
<arg>//*[@class='context-menu-one btn btn-neutral']</arg>
<doc>Opens the context menu on the element identified by ``locator``.</doc>
<status status="PASS" starttime="20230504 15:29:11.430" endtime="20230504 15:29:11.723"/>
</kw>
<status status="PASS" starttime="20230504 15:29:00.334" endtime="20230504 15:29:11.724"/>
</test>
<doc>Mouse Operations</doc>
<status status="PASS" starttime="20230504 15:29:00.031" endtime="20230504 15:29:11.727"/>
</suite>
<statistics>
<total>
<stat pass="1" fail="0" skip="0">All Tests</stat>
</total>
<tag>
</tag>
<suite>
<stat pass="1" fail="0" skip="0" id="s1" name="14 -  Mouse Operations">14 -  Mouse Operations</stat>
</suite>
</statistics>
<errors>
</errors>
</robot>
