<?xml version="1.0" encoding="UTF-8"?>
<robot generator="Robot 6.0.2 (Python 3.11.3 on win32)" generated="20230428 15:12:16.106" rpa="false" schemaversion="3">
<suite id="s1" name="1 - Find Element(s)" source="d:\ptdat-batch40\selenium-robot-framework\Selenium WebDriver Basics Tutorial\1 - Find Element(s).robot">
<kw name="Open URL" type="SETUP">
<kw name="Open Browser" library="SeleniumLibrary">
<arg>${URL}</arg>
<arg>edge</arg>
<doc>Opens a new browser instance to the optional ``url``.</doc>
<msg timestamp="20230428 15:12:16.418" level="INFO">Opening browser 'edge' to base url 'https://demo.guru99.com/test/ajax.html'.</msg>
<status status="PASS" starttime="20230428 15:12:16.418" endtime="20230428 15:12:26.506"/>
</kw>
<status status="PASS" starttime="20230428 15:12:16.417" endtime="20230428 15:12:26.506"/>
</kw>
<test id="s1-t1" name="Click &quot;Yes&quot; button" line="15">
<kw name="Click Element" library="SeleniumLibrary">
<arg>id:yes</arg>
<doc>Click the element identified by ``locator``.</doc>
<msg timestamp="20230428 15:12:26.508" level="INFO">Clicking element 'id:yes'.</msg>
<status status="PASS" starttime="20230428 15:12:26.507" endtime="20230428 15:12:26.565"/>
</kw>
<kw name="Click Element" library="SeleniumLibrary">
<arg>id:buttoncheck</arg>
<doc>Click the element identified by ``locator``.</doc>
<msg timestamp="20230428 15:12:26.566" level="INFO">Clicking element 'id:buttoncheck'.</msg>
<status status="PASS" starttime="20230428 15:12:26.566" endtime="20230428 15:12:26.618"/>
</kw>
<kw name="Page Should Contain" library="SeleniumLibrary">
<arg>Radio button is checked and it's value is Yes</arg>
<doc>Verifies that current page contains ``text``.</doc>
<msg timestamp="20230428 15:12:26.633" level="INFO">Current page contains text 'Radio button is checked and it's value is Yes'.</msg>
<status status="PASS" starttime="20230428 15:12:26.619" endtime="20230428 15:12:26.634"/>
</kw>
<status status="PASS" starttime="20230428 15:12:26.506" endtime="20230428 15:12:26.634"/>
</test>
<kw name="Close Browser" library="SeleniumLibrary" type="TEARDOWN">
<doc>Closes the current browser.</doc>
<status status="PASS" starttime="20230428 15:12:26.637" endtime="20230428 15:12:29.148"/>
</kw>
<doc>Find Element(s)</doc>
<status status="PASS" starttime="20230428 15:12:16.113" endtime="20230428 15:12:29.148"/>
</suite>
<statistics>
<total>
<stat pass="1" fail="0" skip="0">All Tests</stat>
</total>
<tag>
</tag>
<suite>
<stat pass="1" fail="0" skip="0" id="s1" name="1 - Find Element(s)">1 - Find Element(s)</stat>
</suite>
</statistics>
<errors>
</errors>
</robot>
